[03:35:10] [main/INFO] (ViaProxy) Initializing ViaProxy CLI v3.4.8 (git-ViaProxy-3.4.8:d867634) (Injected using Launcher Agent)...
[03:35:10] [main/INFO] (ViaProxy) Using java version: OpenJDK 64-Bit Server VM 25.0.1 (Microsoft) on Linux
[03:35:10] [main/INFO] (ViaProxy) Available memory (bytes): 2084569088
[03:35:10] [main/INFO] (ViaProxy) Working directory: /workspaces/Eagler-ViaProxy
[03:35:10] [main/DEBUG] (io.netty.util.internal.logging.InternalLoggerFactory) Using SLF4J as the default logging framework
[03:35:10] [main/DEBUG] (io.netty.util.ResourceLeakDetector) -Dio.netty.leakDetection.level: simple
[03:35:10] [main/DEBUG] (io.netty.util.ResourceLeakDetector) -Dio.netty.leakDetection.targetRecords: 4
[03:35:10] [main/DEBUG] (io.netty.util.internal.PlatformDependent0) Java version: 25
[03:35:10] [main/DEBUG] (io.netty.util.internal.PlatformDependent0) -Dio.netty.noUnsafe: false
[03:35:10] [main/DEBUG] (io.netty.util.internal.PlatformDependent0) sun.misc.Unsafe: unavailable (io.netty.noUnsafe=true by default on Java 25+)
[03:35:10] [main/DEBUG] (io.netty.util.internal.PlatformDependent0) java.nio.DirectByteBuffer.<init>(long, {int,long}): unavailable
[03:35:10] [main/DEBUG] (io.netty.util.internal.PlatformDependent) maxDirectMemory: 2084569088 bytes (maybe)
[03:35:10] [main/DEBUG] (io.netty.util.internal.PlatformDependent) -Dio.netty.tmpdir: /tmp (java.io.tmpdir)
[03:35:10] [main/DEBUG] (io.netty.util.internal.PlatformDependent) -Dio.netty.bitMode: 64 (sun.arch.data.model)
[03:35:10] [main/DEBUG] (io.netty.util.internal.PlatformDependent) -Dio.netty.maxDirectMemory: -1 bytes
[03:35:10] [main/DEBUG] (io.netty.util.internal.CleanerJava9) java.nio.ByteBuffer.cleaner(): unavailable
java.lang.UnsupportedOperationException: sun.misc.Unsafe unavailable
	at io.netty.util.internal.CleanerJava9.<clinit>(CleanerJava9.java:70)
	at io.netty.util.internal.PlatformDependent.<clinit>(PlatformDependent.java:198)
	at net.raphimc.viaproxy.ViaProxy.loadNetty(ViaProxy.java:315)
	at net.raphimc.viaproxy.ViaProxy.injectedMain(ViaProxy.java:213)
	at net.raphimc.viaproxy.ViaProxy.main(ViaProxy.java:102)
[03:35:10] [main/DEBUG] (io.netty.util.internal.CleanerJava24Linker) java.nio.ByteBuffer.cleaner(): available
[03:35:10] [main/DEBUG] (io.netty.util.internal.PlatformDependent) -Dio.netty.noPreferDirect: false
[03:35:10] [main/DEBUG] (io.netty.util.internal.PlatformDependent) -Dio.netty.jfr.enabled: true
[03:35:10] [main/DEBUG] (io.netty.util.internal.PlatformDependent) java.lang.invoke.VarHandle: available
[03:35:10] [main/DEBUG] (io.netty.util.internal.PlatformDependent) -Dio.netty.varHandle.enabled: true
[03:35:10] [main/DEBUG] (io.netty.util.concurrent.GlobalEventExecutor) -Dio.netty.globalEventExecutor.quietPeriodSeconds: 1
[03:35:10] [main/DEBUG] (io.netty.util.internal.InternalThreadLocalMap) -Dio.netty.threadLocalMap.stringBuilder.initialSize: 1024
[03:35:10] [main/DEBUG] (io.netty.util.internal.InternalThreadLocalMap) -Dio.netty.threadLocalMap.stringBuilder.maxSize: 4096
[03:35:10] [main/INFO] (ViaProxy) Loaded plugin 'MiniConnect' by Lenni0451 (v1.0.0-SNAPSHOT)
[03:35:10] [main/INFO] (ViaProxy) Loaded plugin 'ViaProxyEagUtils' by ayunami2000 (v1.0)
[03:35:10] [main/DEBUG] (io.netty.util.internal.NativeLibraryLoader) -Dio.netty.native.workdir: /tmp (io.netty.tmpdir)
[03:35:10] [main/DEBUG] (io.netty.util.internal.NativeLibraryLoader) -Dio.netty.native.deleteLibAfterLoading: true
[03:35:10] [main/DEBUG] (io.netty.util.internal.NativeLibraryLoader) -Dio.netty.native.tryPatchShadedId: true
[03:35:10] [main/DEBUG] (io.netty.util.internal.NativeLibraryLoader) -Dio.netty.native.detectNativeLibraryDuplicates: true
[03:35:10] [main/DEBUG] (io.netty.util.internal.NativeLibraryLoader) Successfully loaded the library /tmp/libnetty_transport_native_epoll_x86_645657584681386624664.so
[03:35:10] [main/DEBUG] (io.netty.util.NetUtil) -Djava.net.preferIPv4Stack: false
[03:35:10] [main/DEBUG] (io.netty.util.NetUtil) -Djava.net.preferIPv6Addresses: false
[03:35:10] [main/DEBUG] (io.netty.util.NetUtilInitializations) Loopback interface: lo (lo, 0:0:0:0:0:0:0:1%lo)
[03:35:10] [main/DEBUG] (io.netty.util.NetUtil) /proc/sys/net/core/somaxconn: 4096
[03:35:10] [main/DEBUG] (io.netty.channel.kqueue.KQueue) KQueue support is not available
java.lang.ExceptionInInitializerError
	at io.netty.channel.kqueue.KQueue.<clinit>(KQueue.java:38)
	at net.raphimc.netminecraft.util.TransportType.<clinit>(TransportType.java:42)
	at net.raphimc.netminecraft.netty.connection.NetServer.bind(NetServer.java:58)
	at net.lenni0451.miniconnect.Main.onEnable(Main.java:40)
	at net.raphimc.viaproxy.plugins.ViaProxyPlugin.enable(ViaProxyPlugin.java:38)
	at net.raphimc.viaproxy.plugins.PluginManager.enablePlugin(PluginManager.java:160)
	at net.raphimc.viaproxy.plugins.PluginManager.loadPlugins(PluginManager.java:91)
	at net.raphimc.viaproxy.plugins.PluginManager.<init>(PluginManager.java:52)
	at net.raphimc.viaproxy.ViaProxy.injectedMain(ViaProxy.java:217)
	at net.raphimc.viaproxy.ViaProxy.main(ViaProxy.java:102)
Caused by: java.lang.IllegalStateException: Only supported on OSX/BSD
	at io.netty.channel.kqueue.Native.loadNativeLibrary(Native.java:159)
	at io.netty.channel.kqueue.Native.<clinit>(Native.java:76)
	... 10 more
[03:35:10] [main/DEBUG] (io.netty.util.internal.NativeLibraryLoader) Successfully loaded the library /tmp/libnetty_transport_native_io_uring42_x86_6412712633411205882443.so
[03:35:10] [main/DEBUG] (io.netty.channel.uring.IoUring) IoUring support is available using kernel 6.8.0-1030-azure: CQE_F_SOCK_NONEMPTY_SUPPORTED=true, SPLICE_SUPPORTED=true, ACCEPT_NO_WAIT_SUPPORTED=false, ACCEPT_MULTISHOT_SUPPORTED=true, POLL_ADD_MULTISHOT_SUPPORTED=true, RECV_MULTISHOT_SUPPORTED=true, IORING_RECVSEND_BUNDLE_SUPPORTED=false, REGISTER_IOWQ_MAX_WORKERS_SUPPORTED=true, SETUP_SUBMIT_ALL_SUPPORTED=true, SETUP_CQE_MIXED_SUPPORTED=false, SETUP_CQ_SIZE_SUPPORTED=true, SETUP_SINGLE_ISSUER_SUPPORTED=true, SETUP_DEFER_TASKRUN_SUPPORTED=true, SETUP_NO_SQARRAY_SUPPORTED=true, REGISTER_BUFFER_RING_SUPPORTED=true, REGISTER_BUFFER_RING_INC_SUPPORTED=false, SEND_ZC_SUPPORTED=true, SENDMSG_ZC_SUPPORTED=true
[03:35:10] [main/DEBUG] (io.netty.channel.MultithreadEventLoopGroup) -Dio.netty.eventLoopThreads: 4
[03:35:10] [main/DEBUG] (io.netty.util.internal.PlatformDependent) org.jctools-core.MpscChunkedArrayQueue: unavailable
[03:35:11] [main/DEBUG] (io.netty.channel.DefaultChannelId) -Dio.netty.processId: 3525 (auto-detected)
[03:35:11] [main/DEBUG] (io.netty.channel.DefaultChannelId) -Dio.netty.machineId: 60:45:bd:ff:fe:d8:9e:fd (auto-detected)
[03:35:11] [main/DEBUG] (io.netty.buffer.PooledByteBufAllocator) -Dio.netty.allocator.numHeapArenas: 4
[03:35:11] [main/DEBUG] (io.netty.buffer.PooledByteBufAllocator) -Dio.netty.allocator.numDirectArenas: 4
[03:35:11] [main/DEBUG] (io.netty.buffer.PooledByteBufAllocator) -Dio.netty.allocator.pageSize: 8192
[03:35:11] [main/DEBUG] (io.netty.buffer.PooledByteBufAllocator) -Dio.netty.allocator.maxOrder: 9
[03:35:11] [main/DEBUG] (io.netty.buffer.PooledByteBufAllocator) -Dio.netty.allocator.chunkSize: 4194304
[03:35:11] [main/DEBUG] (io.netty.buffer.PooledByteBufAllocator) -Dio.netty.allocator.smallCacheSize: 256
[03:35:11] [main/DEBUG] (io.netty.buffer.PooledByteBufAllocator) -Dio.netty.allocator.normalCacheSize: 64
[03:35:11] [main/DEBUG] (io.netty.buffer.PooledByteBufAllocator) -Dio.netty.allocator.maxCachedBufferCapacity: 32768
[03:35:11] [main/DEBUG] (io.netty.buffer.PooledByteBufAllocator) -Dio.netty.allocator.cacheTrimInterval: 8192
[03:35:11] [main/DEBUG] (io.netty.buffer.PooledByteBufAllocator) -Dio.netty.allocator.cacheTrimIntervalMillis: 0
[03:35:11] [main/DEBUG] (io.netty.buffer.PooledByteBufAllocator) -Dio.netty.allocator.useCacheForAllThreads: false
[03:35:11] [main/DEBUG] (io.netty.buffer.PooledByteBufAllocator) -Dio.netty.allocator.maxCachedByteBuffersPerChunk: 1023
[03:35:11] [main/DEBUG] (io.netty.buffer.PooledByteBufAllocator) -Dio.netty.allocator.disableCacheFinalizersForFastThreadLocalThreads: false
[03:35:11] [main/DEBUG] (io.netty.buffer.ByteBufUtil) -Dio.netty.allocator.type: pooled
[03:35:11] [main/DEBUG] (io.netty.buffer.ByteBufUtil) -Dio.netty.threadLocalDirectBufferSize: 0
[03:35:11] [main/DEBUG] (io.netty.buffer.ByteBufUtil) -Dio.netty.maxThreadLocalCharBufferSize: 16384
[03:35:11] [main/DEBUG] (io.netty.bootstrap.ChannelInitializerExtensions) -Dio.netty.bootstrap.extensions: null
[03:35:11] [main/INFO] (ViaProxy) Enabled plugin 'MiniConnect'
[03:35:11] [main/INFO] (ViaProxy) Enabled plugin 'ViaProxyEagUtils'
[03:35:11] [Via-Mappingloader-1/INFO] (ViaVersion) Loading block connection mappings ...
[03:35:12] [main/INFO] (ViaBackwards) Loading translations...
[03:35:12] [main/INFO] (ViaBackwards) Registering protocols...
[03:35:13] [main/INFO] (ViaRewind) Registering protocols...
[03:35:13] [main/DEBUG] (io.netty.channel.nio.NioIoHandler) -Dio.netty.noKeySetOptimization: false
[03:35:13] [main/DEBUG] (io.netty.channel.nio.NioIoHandler) -Dio.netty.selectorAutoRebuildThreshold: 512
[03:35:13] [main/INFO] (ViaBedrock) Started resource pack HTTP server on http://127.0.0.1:38689/
[03:35:14] [main/INFO] (ViaVersion) ViaVersion detected lowest supported version by the proxy: 1.7.2-1.7.5 (4)
[03:35:14] [main/INFO] (ViaVersion) Highest supported version by the proxy: 1.21.11 (774)
[03:35:14] [main/INFO] (ViaProxy) ViaProxy started successfully!
[03:35:14] [main/INFO] (ViaProxy) Starting proxy server
[03:35:14] [main/INFO] (ViaProxy) Binding proxy server to 0.0.0.0:25568
[03:35:15] [Via-Mappingloader-1/DEBUG] (io.netty.buffer.AbstractByteBuf) -Dio.netty.buffer.checkAccessible: true
[03:35:15] [Via-Mappingloader-1/DEBUG] (io.netty.buffer.AbstractByteBuf) -Dio.netty.buffer.checkBounds: true
[03:35:15] [Via-Mappingloader-1/DEBUG] (io.netty.util.ResourceLeakDetectorFactory) Loaded default ResourceLeakDetector: io.netty.util.ResourceLeakDetector@39dec231
[03:35:16] [Via Async Scheduler 0/INFO] (ViaVersion) Finished mapping loading, shutting down loader executor.
[03:36:48] [Netty EPOLL Server Child IO #0/DEBUG] (io.netty.util.Recycler) -Dio.netty.recycler.maxCapacityPerThread: 4096
[03:36:48] [Netty EPOLL Server Child IO #0/DEBUG] (io.netty.util.Recycler) -Dio.netty.recycler.ratio: 8
[03:36:48] [Netty EPOLL Server Child IO #0/DEBUG] (io.netty.util.Recycler) -Dio.netty.recycler.chunkSize: 32
[03:36:48] [Netty EPOLL Server Child IO #0/DEBUG] (io.netty.util.Recycler) -Dio.netty.recycler.blocking: false
[03:36:48] [Netty EPOLL Server Child IO #0/DEBUG] (io.netty.util.Recycler) -Dio.netty.recycler.batchFastThreadLocalOnly: true
[03:36:48] [Netty EPOLL Server Child IO #0/DEBUG] (io.netty.handler.codec.compression.ZlibCodecFactory) -Dio.netty.noJdkZlibDecoder: false
[03:36:48] [Netty EPOLL Server Child IO #0/DEBUG] (io.netty.handler.codec.compression.ZlibCodecFactory) -Dio.netty.noJdkZlibEncoder: false
[03:36:48] [Netty EPOLL Server Child IO #0/DEBUG] (io.netty.handler.codec.compression.ZlibCodecFactory) JZlib not in the classpath; the only window bits supported value will be 15
[03:36:48] [Netty EPOLL Server Child IO #0/DEBUG] (io.netty.handler.codec.http.websocketx.WebSocketServerHandshaker) [id: 0xb187a711, L:/[0:0:0:0:0:0:0:1]:25568 - R:/[0:0:0:0:0:0:0:1]:43264] WebSocket version V13 server handshake
[03:36:48] [Netty EPOLL Server Child IO #0/DEBUG] (io.netty.handler.codec.http.websocketx.WebSocketServerHandshaker) WebSocket version 13 server handshake key: Do+ubCsHDgByL6pkFxDS4g==, response: AAOMwBTQRLZtlEl2QGAQiBFMx/M=
[03:36:55] [Netty EPOLL Server Child IO #1/DEBUG] (io.netty.handler.codec.http.websocketx.WebSocketServerHandshaker) [id: 0x44349ed8, L:/[0:0:0:0:0:0:0:1]:25568 - R:/[0:0:0:0:0:0:0:1]:43276] WebSocket version V00 server handshake
[03:36:56] [Netty EPOLL Server Child IO #2/DEBUG] (io.netty.channel.DefaultChannelPipeline) Discarded inbound message HttpObjectAggregator$AggregatedFullHttpRequest(decodeResult: success, version: HTTP/1.1, content: CompositeByteBuf(ridx: 0, widx: 0, cap: 0, components=0))
GET /favicon.ico HTTP/1.1
Accept: image/avif, image/webp, image/apng, image/svg+xml, image/*, */*; q=0.8
Host: localhost:25568
User-Agent: Mozilla/5.0 (Windows NT 10.0; Win64; x64) AppleWebKit/537.36 (KHTML, like Gecko) Chrome/143.0.0.0 Safari/537.36
Accept-Encoding: gzip, deflate, br, zstd
Accept-Language: en-US, en; q=0.9
Referer: https://automatic-space-goggles-gvgw7946p5v3vv5j-25568.app.github.dev/
X-Request-ID: 996c6136abccd1f53a52dc55c82fd0e8
X-Real-IP: 10.241.0.36
X-Forwarded-Port: 443
X-Forwarded-Scheme: https
X-Original-URI: /favicon.ico
X-Scheme: https
sec-ch-ua-platform: "Windows"
sec-ch-ua: "Google Chrome";v="143", "Chromium";v="143", "Not A(Brand";v="24"
sec-ch-ua-mobile: ?0
sec-fetch-site: same-origin
sec-fetch-mode: no-cors
sec-fetch-dest: image
priority: u=1, i
X-Forwarded-Proto: https
X-Forwarded-Host: automatic-space-goggles-gvgw7946p5v3vv5j-25568.app.github.dev
X-Forwarded-For: 46.110.121.235
Proxy-Connection: Keep-Alive
content-length: 0 that reached at the tail of the pipeline. Please check your pipeline configuration.
[03:36:56] [Netty EPOLL Server Child IO #2/DEBUG] (io.netty.channel.DefaultChannelPipeline) Discarded message pipeline : [ws-http-codec, ws-http-aggregator, ws-compression, io.netty.handler.codec.http.websocketx.WebSocketServerProtocolHandshakeHandler, io.netty.handler.codec.http.websocketx.Utf8FrameValidator, ws-handler, ws-active-notifier, eaglercraft-handler, encryption, sizer, flow-control, compression, via-codec, via-flow-control, packet-codec, miniconnect-intent-changer, handler, ViaProxyVLPipeline#0, DefaultChannelPipeline$TailContext#0]. Channel : [id: 0xe08bc88f, L:/[0:0:0:0:0:0:0:1]:25568 - R:/[0:0:0:0:0:0:0:1]:43282].
[03:37:03] [Netty EPOLL Server Child IO #3/DEBUG] (io.netty.handler.codec.http.websocketx.WebSocketServerHandshaker) [id: 0x13cc2c83, L:/[0:0:0:0:0:0:0:1]:25568 - R:/[0:0:0:0:0:0:0:1]:41994] WebSocket version V13 server handshake
[03:37:03] [Netty EPOLL Server Child IO #3/DEBUG] (io.netty.handler.codec.http.websocketx.WebSocketServerHandshaker) WebSocket version 13 server handshake key: RxgYtDmECpXhklyHlUFcrw==, response: KZgYbKWkZcFY79RtI+eu0L3Ho3Y=
